C51 COMPILER V9.00   DS18B20                                                               09/15/2021 22:34:29 PAGE 1   


C51 COMPILER V9.00, COMPILATION OF MODULE DS18B20
OBJECT MODULE PLACED IN DS18B20.OBJ
COMPILER INVOKED BY: G:\keil\C51\BIN\C51.EXE DS18B20.c BROWSE DEBUG OBJECTEXTEND

line level    source

   1          #include<reg51.h>
   2          #include<intrins.h>
   3          #include<stdio.h>
   4          #include<stdlib.h>
   5          #include<string.h>
   6          
   7          #define U8INT unsigned char 
   8          #define U16INT unsigned int 
   9          #define U32INT unsigned long int
  10          sbit DQ=P2^3;
  11          U8INT Temp_Bytes[]={0x00,0x00};
  12          void delayx(U8INT x)
  13          {
  14   1         while(x--);
  15   1      }
  16          
  17          U8INT DS_Init()
  18          {       U8INT DS_Status=0x00;
  19   1              DQ=1;delayx(8);  
  20   1              DQ=0;delayx(90);          
  21   1              DQ=1;delayx(8);
  22   1              DS_Status=DQ;
  23   1              delayx(10);
  24   1              return DS_Status;//successful 0  unsuccessful 1
  25   1       
  26   1      }
  27          U8INT  DS_Read8bits()
  28          {       U8INT DS_Readdat=0x00;  
  29   1          U8INT i=0x00;
  30   1              for(i=0x01;i!=0x00;i<<=1)
  31   1              {
  32   2                      DQ=0;_nop_();     
  33   2                  DQ=1;_nop_();
  34   2                      if(DQ)
  35   2                      DS_Readdat=DS_Readdat|i;
  36   2                      delayx(10);
  37   2      
  38   2              }
  39   1              return DS_Readdat;//successful 0  unsuccessful 1
  40   1       
  41   1      }
  42          void DS_Write8cmd(U8INT cmd  )
  43          {               
  44   1          U8INT i=0x00;
  45   1              for(i=0x01;i!=0x00;i<<=1)
  46   1              {
  47   2                      DQ=1;_nop_();     
  48   2                  DQ=0;_nop_();
  49   2                      DQ=cmd&0x01; 
  50   2                      delayx(10);
  51   2                      cmd=cmd>>1;
  52   2              }
  53   1       
  54   1      }
  55          U8INT  Get_Temp16bits()
C51 COMPILER V9.00   DS18B20                                                               09/15/2021 22:34:29 PAGE 2   

  56          {
  57   1      
  58   1         if(DS_Init()) return 0;
  59   1         else
  60   1         {
  61   2                 DS_Write8cmd(0xCC);    
  62   2                 DS_Write8cmd(0x44);
  63   2                 DS_Init();
  64   2                 DS_Write8cmd(0xCC);    
  65   2                 DS_Write8cmd(0xBE);
  66   2                 Temp_Bytes[0]=DS_Read8bits(); 
  67   2                 Temp_Bytes[1]=DS_Read8bits();
  68   2                 delayx(10);
  69   2                 return 1;
  70   2           
  71   2         }
  72   1      }
  73          
  74          
  75          
  76          
  77          
  78          
  79          
  80          
  81          
  82          
  83          
  84          
  85          
  86          


MODULE INFORMATION:   STATIC OVERLAYABLE
   CODE SIZE        =    159    ----
   CONSTANT SIZE    =   ----    ----
   XDATA SIZE       =   ----    ----
   PDATA SIZE       =   ----    ----
   DATA SIZE        =      2    ----
   IDATA SIZE       =   ----    ----
   BIT SIZE         =   ----    ----
END OF MODULE INFORMATION.


C51 COMPILATION COMPLETE.  0 WARNING(S),  0 ERROR(S)
