C51 COMPILER V9.00   LCD1602                                                               09/15/2021 22:34:29 PAGE 1   


C51 COMPILER V9.00, COMPILATION OF MODULE LCD1602
OBJECT MODULE PLACED IN LCD1602.OBJ
COMPILER INVOKED BY: G:\keil\C51\BIN\C51.EXE LCD1602.c BROWSE DEBUG OBJECTEXTEND

line level    source

   1          #include<reg51.h>
   2          #include<intrins.h>
   3          #include<stdio.h>
   4          #include<stdlib.h>
   5          #include<string.h>
   6          
   7          #define U8INT unsigned char 
   8          #define U16INT unsigned int 
   9          #define U32INT unsigned long int
  10          #define LCD_Port P0
  11           
  12          
  13          sbit RS=P2^0;
  14          sbit RW=P2^1;
  15          sbit EN=P2^2;
  16          sbit LED1_Hot_Waring=P2^4;
  17          sbit LED2_Cold_Waring=P2^5;
  18          sbit LED3_Power=P2^6;
  19          sbit LED4_Light=P2^7;
  20          
  21          void delay_ms(U16INT x)
  22          {
  23   1        U8INT i=0;
  24   1        while(x--)
  25   1        {
  26   2        for(i=0;i<120;i++);
  27   2        }
  28   1      }
  29          
  30          void Busy_Wait()
  31          {
  32   1              U8INT LCD_Status=0x00;
  33   1              do
  34   1              {
  35   2                      LCD_Port=0xFF;
  36   2                      EN=0;RS=0;RW=1;
  37   2                      EN=1;_nop_();
  38   2                      LCD_Status=LCD_Port;
  39   2                      EN=0;_nop_();      
  40   2              }while(LCD_Status&0x80);
  41   1      }
  42          void LCD_Write_CMD(U8INT cmd)
  43          {               
  44   1              Busy_Wait();
  45   1          EN=0;RS=0;RW=0;
  46   1          LCD_Port=cmd;
  47   1              EN=1;_nop_();   
  48   1              EN=0;_nop_();
  49   1              Busy_Wait();
  50   1      }
  51          void LCD_Write_Data(U8INT dat)
  52          {               
  53   1              Busy_Wait();
  54   1          EN=0;RS=1;RW=0;
  55   1          LCD_Port=dat;
C51 COMPILER V9.00   LCD1602                                                               09/15/2021 22:34:29 PAGE 2   

  56   1              EN=1;_nop_();   
  57   1              EN=0;_nop_();
  58   1              Busy_Wait();
  59   1      }
  60          void LCD_Init()
  61          {
  62   1              LCD_Write_CMD(0x38); 
  63   1              LCD_Write_CMD(0x0C); 
  64   1              LCD_Write_CMD(0x06);
  65   1              LCD_Write_CMD(0x01);
  66   1              LED1_Hot_Waring=0;  
  67   1              LED2_Cold_Waring=0;
  68   1              LED3_Power=1;
  69   1              LED4_Light=0;
  70   1      }
  71          void Display_String(U8INT row,U8INT col,U8INT *str)
  72          {
  73   1              U8INT UD_ADD[]={0x80,0xC0};
  74   1              U8INT i=0x00;
  75   1              LCD_Write_CMD(UD_ADD[row]|col);
  76   1              for(i=0;i<16&&str[i];i++)
  77   1              {
  78   2                      LCD_Write_Data(str[i]);
  79   2              }  
  80   1              for(;i<16;i++)
  81   1              {
  82   2                      LCD_Write_Data(' ');
  83   2              }
  84   1      }
  85          
  86          
  87          
  88          
  89          
  90          
  91          
  92          
  93          
  94          
  95          
  96          


MODULE INFORMATION:   STATIC OVERLAYABLE
   CODE SIZE        =    199    ----
   CONSTANT SIZE    =      2    ----
   XDATA SIZE       =   ----    ----
   PDATA SIZE       =   ----    ----
   DATA SIZE        =   ----       7
   IDATA SIZE       =   ----    ----
   BIT SIZE         =   ----    ----
END OF MODULE INFORMATION.


C51 COMPILATION COMPLETE.  0 WARNING(S),  0 ERROR(S)
