C51 COMPILER V9.00   MOTOR_CONTROLOBJECT                                                   09/15/2021 22:34:29 PAGE 1   


C51 COMPILER V9.00, COMPILATION OF MODULE MOTOR_CONTROLOBJECT
OBJECT MODULE PLACED IN Motor_ControlObject.OBJ
COMPILER INVOKED BY: G:\keil\C51\BIN\C51.EXE Motor_ControlObject.c BROWSE DEBUG OBJECTEXTEND

line level    source

   1          #include<reg51.h>
   2          #include<intrins.h>
   3          #include<stdio.h>
   4          #include<stdlib.h>
   5          #include<string.h>
   6          
   7          #define U8INT unsigned char 
   8          #define U16INT unsigned int 
   9          #define U32INT unsigned long int
  10          
  11          sbit LED1_Hot_Waring=P2^4;
  12          sbit LED2_Cold_Waring=P2^5;
  13          sbit LED3_Power=P2^6;
  14          sbit LED4_Light=P2^7;
  15          
  16          sbit WIND_IN1=P1^3;
  17          sbit WIND_IN2=P1^4;
  18          sbit LIGHT_IN3=P1^5;
  19          sbit LIGHT_IN4=P1^6;
  20          
  21          void Wind_Open();
  22          void Wind_Close();
  23          void Light_Open();
  24          void Light_Close();
  25          
  26          void Wind_Open()
  27          {
  28   1              WIND_IN1=1;
  29   1              WIND_IN2=0;
  30   1      }       
  31          void Wind_Close()
  32          {
  33   1              WIND_IN1=1;
  34   1              WIND_IN2=1;
  35   1      }
  36          void Light_Open()
  37          {
  38   1               LED4_Light=1;
  39   1               LIGHT_IN3=1;
  40   1               LIGHT_IN4=0;
  41   1      }
  42          void Light_Close()
  43          {
  44   1               LED4_Light=0;
  45   1               LIGHT_IN3=1;
  46   1               LIGHT_IN4=1;
  47   1      }
  48          
  49          
  50          
  51          


MODULE INFORMATION:   STATIC OVERLAYABLE
   CODE SIZE        =     24    ----
C51 COMPILER V9.00   MOTOR_CONTROLOBJECT                                                   09/15/2021 22:34:29 PAGE 2   

   CONSTANT SIZE    =   ----    ----
   XDATA SIZE       =   ----    ----
   PDATA SIZE       =   ----    ----
   DATA SIZE        =   ----    ----
   IDATA SIZE       =   ----    ----
   BIT SIZE         =   ----    ----
END OF MODULE INFORMATION.


C51 COMPILATION COMPLETE.  0 WARNING(S),  0 ERROR(S)
